<?xml version="1.0" encoding="UTF-8"?>
<testng-results ignored="0" total="1" passed="1" failed="0" skipped="0">
  <reporter-output>
  </reporter-output>
  <suite started-at="2019-02-15T18:35:38Z" name="Default suite" finished-at="2019-02-15T18:35:40Z" duration-ms="1368">
    <groups>
    </groups>
    <test started-at="2019-02-15T18:35:38Z" name="Default test" finished-at="2019-02-15T18:35:40Z" duration-ms="1368">
      <class name="pack1.AggregateAndPrintTaskName">
        <test-method is-config="true" signature="BasURISetup()[pri:0, instance:pack1.AggregateAndPrintTaskName@6f45df59]" started-at="2019-02-15T18:35:38Z" name="BasURISetup" finished-at="2019-02-15T18:35:39Z" duration-ms="366" status="PASS">
          <reporter-output>
          </reporter-output>
        </test-method> <!-- BasURISetup -->
        <test-method signature="GetRequestTest()[pri:0, instance:pack1.AggregateAndPrintTaskName@6f45df59]" started-at="2019-02-15T18:35:39Z" name="GetRequestTest" finished-at="2019-02-15T18:35:40Z" duration-ms="988" status="PASS">
          <reporter-output>
          </reporter-output>
        </test-method> <!-- GetRequestTest -->
      </class> <!-- pack1.AggregateAndPrintTaskName -->
    </test> <!-- Default test -->
  </suite> <!-- Default suite -->
</testng-results>
